VESP Canteen/Canteen/app/build/intermediates/manifest_merge_blame_file/debug/manifest-merger-blame-debug-report.txt
1<?xml version="1.0" encoding="utf-8"?>
2<manifest xmlns:android="http://schemas.android.com/apk/res/android"
3    package="com.example.vescanteen"
4    android:versionCode="1"
5    android:versionName="1.0" >
6
7    <uses-sdk
8        android:minSdkVersion="26"
8-->src\main\AndroidManifest.xml
9        android:targetSdkVersion="29" />
9-->src\main\AndroidManifest.xml
10
11    <uses-permission android:name="android.permission.ACCESS_NETWORK_STATE" />
11-->[com.google.firebase:firebase-database:16.0.4] AndroidManifest.xml:22:5-79
11-->[com.google.firebase:firebase-database:16.0.4] AndroidManifest.xml:22:22-76
12    <uses-permission android:name="android.permission.INTERNET" />
12-->[com.google.firebase:firebase-database:16.0.4] AndroidManifest.xml:23:5-67
12-->[com.google.firebase:firebase-database:16.0.4] AndroidManifest.xml:23:22-64
13
14    <application
14-->src\main\AndroidManifest.xml:5:5-30:19
15        android:appComponentFactory="androidx.core.app.CoreComponentFactory"
15-->[androidx.core:core:1.1.0] AndroidManifest.xml:24:18-86
16        android:debuggable="true"
17        android:icon="@drawable/logo"
17-->src\main\AndroidManifest.xml:6:9-38
18        android:label="@string/app_name"
18-->src\main\AndroidManifest.xml:7:9-41
19        android:roundIcon="@mipmap/ic_launcher_round"
19-->src\main\AndroidManifest.xml:8:9-54
20        android:supportsRtl="true"
20-->src\main\AndroidManifest.xml:9:9-35
21        android:testOnly="true"
22        android:theme="@style/AppTheme" >
22-->src\main\AndroidManifest.xml:10:9-40
23        <activity android:name="com.example.vescanteen.bill" />
23-->src\main\AndroidManifest.xml:11:9-51
23-->src\main\AndroidManifest.xml:11:19-39
24        <activity android:name="com.example.vescanteen.Otp" />
24-->src\main\AndroidManifest.xml:12:9-41
24-->src\main\AndroidManifest.xml:12:19-38
25        <activity android:name="com.example.vescanteen.Cart" />
25-->src\main\AndroidManifest.xml:13:9-42
25-->src\main\AndroidManifest.xml:13:19-39
26        <activity android:name="com.example.vescanteen.Slider" />
26-->src\main\AndroidManifest.xml:14:9-44
26-->src\main\AndroidManifest.xml:14:19-41
27        <activity android:name="com.example.vescanteen.Menus" />
27-->src\main\AndroidManifest.xml:15:9-43
27-->src\main\AndroidManifest.xml:15:19-40
28        <activity android:name="com.example.vescanteen.User_Signup" />
28-->src\main\AndroidManifest.xml:16:9-49
28-->src\main\AndroidManifest.xml:16:19-46
29        <activity android:name="com.example.vescanteen.user_login" />
29-->src\main\AndroidManifest.xml:17:9-48
29-->src\main\AndroidManifest.xml:17:19-45
30        <activity android:name="com.example.vescanteen.MainActivity" >
30-->src\main\AndroidManifest.xml:18:9-19:20
30-->src\main\AndroidManifest.xml:18:19-47
31        </activity>
32        <activity android:name="com.example.vescanteen.splashscreen2" >
32-->src\main\AndroidManifest.xml:20:9-26:20
32-->src\main\AndroidManifest.xml:20:19-48
33            <intent-filter>
33-->src\main\AndroidManifest.xml:21:13-25:29
34                <action android:name="android.intent.action.MAIN" />
34-->src\main\AndroidManifest.xml:22:17-69
34-->src\main\AndroidManifest.xml:22:25-66
35
36                <category android:name="android.intent.category.LAUNCHER" />
36-->src\main\AndroidManifest.xml:24:17-77
36-->src\main\AndroidManifest.xml:24:27-74
37            </intent-filter>
38        </activity>
39
40        <meta-data
40-->src\main\AndroidManifest.xml:27:9-29:57
41            android:name="preloaded_fonts"
41-->src\main\AndroidManifest.xml:28:13-43
42            android:resource="@array/preloaded_fonts" />
42-->src\main\AndroidManifest.xml:29:13-54
43
44        <activity
44-->[com.google.firebase:firebase-auth:16.0.5] AndroidManifest.xml:24:9-31:50
45            android:name="com.google.firebase.auth.internal.FederatedSignInActivity"
45-->[com.google.firebase:firebase-auth:16.0.5] AndroidManifest.xml:25:13-85
46            android:excludeFromRecents="true"
46-->[com.google.firebase:firebase-auth:16.0.5] AndroidManifest.xml:26:13-46
47            android:exported="true"
47-->[com.google.firebase:firebase-auth:16.0.5] AndroidManifest.xml:27:13-36
48            android:launchMode="singleTask"
48-->[com.google.firebase:firebase-auth:16.0.5] AndroidManifest.xml:28:13-44
49            android:permission="com.google.firebase.auth.api.gms.permission.LAUNCH_FEDERATED_SIGN_IN"
49-->[com.google.firebase:firebase-auth:16.0.5] AndroidManifest.xml:29:13-102
50            android:theme="@android:style/Theme.Translucent.NoTitleBar" />
50-->[com.google.firebase:firebase-auth:16.0.5] AndroidManifest.xml:30:13-72
51
52        <service
52-->[com.google.firebase:firebase-auth:16.0.5] AndroidManifest.xml:33:9-39:19
53            android:name="com.google.firebase.components.ComponentDiscoveryService"
53-->[com.google.firebase:firebase-auth:16.0.5] AndroidManifest.xml:34:13-84
54            android:exported="false" >
54-->[com.google.firebase:firebase-auth:16.0.5] AndroidManifest.xml:35:13-37
55            <meta-data
55-->[com.google.firebase:firebase-auth:16.0.5] AndroidManifest.xml:36:13-38:85
56                android:name="com.google.firebase.components:com.google.firebase.auth.FirebaseAuthRegistrar"
56-->[com.google.firebase:firebase-auth:16.0.5] AndroidManifest.xml:37:17-109
57                android:value="com.google.firebase.components.ComponentRegistrar" />
57-->[com.google.firebase:firebase-auth:16.0.5] AndroidManifest.xml:38:17-82
58        </service>
59
60        <activity
60-->[com.google.android.gms:play-services-base:16.0.1] AndroidManifest.xml:23:9-26:75
61            android:name="com.google.android.gms.common.api.GoogleApiActivity"
61-->[com.google.android.gms:play-services-base:16.0.1] AndroidManifest.xml:24:13-79
62            android:exported="false"
62-->[com.google.android.gms:play-services-base:16.0.1] AndroidManifest.xml:25:13-37
63            android:theme="@android:style/Theme.Translucent.NoTitleBar" />
63-->[com.google.android.gms:play-services-base:16.0.1] AndroidManifest.xml:26:13-72
64
65        <provider
65-->[com.google.firebase:firebase-common:16.0.3] AndroidManifest.xml:10:9-14:39
66            android:name="com.google.firebase.provider.FirebaseInitProvider"
66-->[com.google.firebase:firebase-common:16.0.3] AndroidManifest.xml:11:13-77
67            android:authorities="com.example.vescanteen.firebaseinitprovider"
67-->[com.google.firebase:firebase-common:16.0.3] AndroidManifest.xml:12:13-72
68            android:exported="false"
68-->[com.google.firebase:firebase-common:16.0.3] AndroidManifest.xml:13:13-37
69            android:initOrder="100" />
69-->[com.google.firebase:firebase-common:16.0.3] AndroidManifest.xml:14:13-36
70
71        <meta-data
71-->[com.google.android.gms:play-services-basement:16.1.0] AndroidManifest.xml:23:9-25:69
72            android:name="com.google.android.gms.version"
72-->[com.google.android.gms:play-services-basement:16.1.0] AndroidManifest.xml:24:13-58
73            android:value="@integer/google_play_services_version" />
73-->[com.google.android.gms:play-services-basement:16.1.0] AndroidManifest.xml:25:13-66
74
75        <provider
75-->[androidx.lifecycle:lifecycle-process:2.0.0] AndroidManifest.xml:23:9-27:43
76            android:name="androidx.lifecycle.ProcessLifecycleOwnerInitializer"
76-->[androidx.lifecycle:lifecycle-process:2.0.0] AndroidManifest.xml:24:13-79
77            android:authorities="com.example.vescanteen.lifecycle-process"
77-->[androidx.lifecycle:lifecycle-process:2.0.0] AndroidManifest.xml:25:13-69
78            android:exported="false"
78-->[androidx.lifecycle:lifecycle-process:2.0.0] AndroidManifest.xml:26:13-37
79            android:multiprocess="true" />
79-->[androidx.lifecycle:lifecycle-process:2.0.0] AndroidManifest.xml:27:13-40
80    </application>
81
82</manifest>